<?xml version="1.0" encoding="UTF-8"?>
<testsuite xmlns:xsi="http://www.w3.org/2001/XMLSchema-instance" xsi:noNamespaceSchemaLocation="https://maven.apache.org/surefire/maven-surefire-plugin/xsd/surefire-test-report.xsd" version="3.0.2" name="TestSuite" time="31.251" tests="4" errors="0" skipped="0" failures="0">
  <properties>
[...]
</properties>
  <testcase name="verify_account_registration" classname="testCases.TC001_AccountRegistrationTest" time="3.013">
    <system-out><![CDATA[2025-02-13T02:09:46.895368600Z main ERROR RollingFile contains an invalid element or attribute "SizeBasedTriggerPolicy"
Message from confirmation page is: Your Account Has Been Created!
]]></system-out>
    <system-err><![CDATA[SLF4J: Failed to load class "org.slf4j.impl.StaticLoggerBinder".
SLF4J: Defaulting to no-operation (NOP) logger implementation
SLF4J: See http://www.slf4j.org/codes.html#StaticLoggerBinder for further details.
Feb 12, 2025 8:09:46 PM org.openqa.selenium.remote.tracing.opentelemetry.OpenTelemetryTracer createTracer
INFO: Using OpenTelemetry for tracing
]]></system-err>
  </testcase>
  <testcase name="verify_account_registration" classname="testCases.TC001_AccountRegistrationTest" time="2.411">
    <system-out><![CDATA[Message from confirmation page is: Your Account Has Been Created!
]]></system-out>
    <system-err><![CDATA[org.apache.commons.mail.EmailException: Sending the email to the following server failed : smtp.googleemail.com:465
	at org.apache.commons.mail.Email.sendMimeMessage(Email.java:1298)
	at org.apache.commons.mail.Email.send(Email.java:1282)
	at utilities.ExtentReportManager.onFinish(ExtentReportManager.java:133)
	at org.testng.TestRunner.fireEvent(TestRunner.java:873)
	at org.testng.TestRunner.afterRun(TestRunner.java:828)
	at org.testng.TestRunner.run(TestRunner.java:616)
	at org.testng.SuiteRunner.runTest(SuiteRunner.java:421)
	at org.testng.SuiteRunner.runSequentially(SuiteRunner.java:413)
	at org.testng.SuiteRunner.privateRun(SuiteRunner.java:373)
	at org.testng.SuiteRunner.run(SuiteRunner.java:312)
	at org.testng.SuiteRunnerWorker.runSuite(SuiteRunnerWorker.java:52)
	at org.testng.SuiteRunnerWorker.run(SuiteRunnerWorker.java:95)
	at org.testng.TestNG.runSuitesSequentially(TestNG.java:1274)
	at org.testng.TestNG.runSuitesLocally(TestNG.java:1208)
	at org.testng.TestNG.runSuites(TestNG.java:1112)
	at org.testng.TestNG.run(TestNG.java:1079)
	at org.apache.maven.surefire.testng.TestNGExecutor.run(TestNGExecutor.java:308)
	at org.apache.maven.surefire.testng.TestNGXmlTestSuite.execute(TestNGXmlTestSuite.java:71)
	at org.apache.maven.surefire.testng.TestNGProvider.invoke(TestNGProvider.java:113)
	at org.apache.maven.surefire.booter.ForkedBooter.runSuitesInProcess(ForkedBooter.java:385)
	at org.apache.maven.surefire.booter.ForkedBooter.execute(ForkedBooter.java:162)
	at org.apache.maven.surefire.booter.ForkedBooter.run(ForkedBooter.java:507)
	at org.apache.maven.surefire.booter.ForkedBooter.main(ForkedBooter.java:495)
Caused by: com.sun.mail.util.MailConnectException: Couldn't connect to host, port: smtp.googleemail.com, 465; timeout 60000;
  nested exception is:
	java.net.UnknownHostException: smtp.googleemail.com
	at com.sun.mail.smtp.SMTPTransport.openServer(SMTPTransport.java:2210)
	at com.sun.mail.smtp.SMTPTransport.protocolConnect(SMTPTransport.java:722)
	at javax.mail.Service.connect(Service.java:364)
	at javax.mail.Service.connect(Service.java:222)
	at javax.mail.Service.connect(Service.java:171)
	at javax.mail.Transport.send0(Transport.java:230)
	at javax.mail.Transport.send(Transport.java:100)
	at org.apache.commons.mail.Email.sendMimeMessage(Email.java:1295)
	... 22 more
Caused by: java.net.UnknownHostException: smtp.googleemail.com
	at java.base/sun.nio.ch.NioSocketImpl.connect(NioSocketImpl.java:567)
	at java.base/java.net.SocksSocketImpl.connect(SocksSocketImpl.java:327)
	at java.base/java.net.Socket.connect(Socket.java:760)
	at com.sun.mail.util.SocketFetcher.createSocket(SocketFetcher.java:333)
	at com.sun.mail.util.SocketFetcher.getSocket(SocketFetcher.java:193)
	at com.sun.mail.smtp.SMTPTransport.openServer(SMTPTransport.java:2160)
	... 29 more
]]></system-err>
  </testcase>
  <testcase name="verify_login" classname="testCases.TC002_LoginTest" time="2.747"/>
  <testcase name="verify_login" classname="testCases.TC002_LoginTest" time="2.659"/>
</testsuite>